2025-03-07 23:37:58,095 [DEBUG]  Available web server routes:
/conversations/<conversation_id:path>/messages     POST                           add_message
/conversations/<conversation_id:path>/tracker/events POST                           append_events
/webhooks/rasa                                     GET                            custom_webhook_RasaChatInput.health
/webhooks/rasa/webhook                             POST                           custom_webhook_RasaChatInput.receive
/webhooks/rest                                     GET                            custom_webhook_RestInput.health
/webhooks/rest/webhook                             POST                           custom_webhook_RestInput.receive
/model/test/intents                                POST                           evaluate_intents
/model/test/stories                                POST                           evaluate_stories
/conversations/<conversation_id:path>/execute      POST                           execute_action
/domain                                            GET                            get_domain
/                                                  GET                            hello
/model                                             PUT                            load_model
/model/parse                                       POST                           parse
/conversations/<conversation_id:path>/predict      POST                           predict
/conversations/<conversation_id:path>/tracker/events PUT                            replace_events
/conversations/<conversation_id:path>/story        GET                            retrieve_story
/conversations/<conversation_id:path>/tracker      GET                            retrieve_tracker
/status                                            GET                            status
/model/predict                                     POST                           tracker_predict
/model/train                                       POST                           train
/conversations/<conversation_id:path>/trigger_intent POST                           trigger_intent
/model                                             DELETE                         unload_model
/version                                           GET                            version
2025-03-07 23:37:58,096 [INFO ]  Starting Rasa server on http://0.0.0.0:5005
2025-03-07 23:37:58,096 [DEBUG]  Using the default number of Sanic workers (1).
2025-03-07 23:37:58,181 [DEBUG]  Skipping telemetry reporting: no license hash found.
2025-03-07 23:37:58,210 [DEBUG]  Connected to InMemoryTrackerStore.
2025-03-07 23:37:58,210 [DEBUG]  Connected to lock store 'InMemoryLockStore'.
2025-03-07 23:37:58,211 [DEBUG]  Instantiated NLG to 'TemplatedNaturalLanguageGenerator'.
2025-03-07 23:37:58,211 [INFO ]  Loading model models/20250307-233649-aged-chicken.tar.gz...
2025-03-07 23:37:58,260 [DEBUG]  Extracted model to '/var/folders/_4/nc9118455ll7scnhnvgfc73w0000gq/T/tmpdgmjf7mp'.
2025-03-07 23:37:58,262 [DEBUG]  Node 'nlu_message_converter' loading 'NLUMessageConverter.load' and kwargs: '{}'.
2025-03-07 23:37:58,262 [DEBUG]  Node 'run_WhitespaceTokenizer0' loading 'WhitespaceTokenizer.load' and kwargs: '{}'.
2025-03-07 23:37:58,264 [DEBUG]  Node 'run_RegexFeaturizer1' loading 'RegexFeaturizer.load' and kwargs: '{}'.
2025-03-07 23:37:58,264 [DEBUG]  Resource 'train_RegexFeaturizer1' was requested for reading.
2025-03-07 23:37:58,264 [DEBUG]  Node 'run_LexicalSyntacticFeaturizer2' loading 'LexicalSyntacticFeaturizer.load' and kwargs: '{}'.
2025-03-07 23:37:58,264 [DEBUG]  Resource 'train_LexicalSyntacticFeaturizer2' was requested for reading.
2025-03-07 23:37:58,264 [DEBUG]  Node 'run_CountVectorsFeaturizer3' loading 'CountVectorsFeaturizer.load' and kwargs: '{}'.
2025-03-07 23:37:58,264 [DEBUG]  Resource 'train_CountVectorsFeaturizer3' was requested for reading.
2025-03-07 23:37:58,264 [DEBUG]  Node 'run_LanguageModelFeaturizer4' loading 'LanguageModelFeaturizer.load' and kwargs: '{}'.
2025-03-07 23:37:58,842 [DEBUG]  Loading Tokenizer and Model for bert
2025-03-07 23:37:58,843 [DEBUG]  Starting new HTTPS connection (1): huggingface.co:443
2025-03-07 23:37:59,120 [DEBUG]  https://huggingface.co:443 "HEAD /bert-base-cased/resolve/main/tokenizer_config.json HTTP/1.1" 200 0
2025-03-07 23:37:59,323 [DEBUG]  https://huggingface.co:443 "HEAD /bert-base-cased/resolve/main/config.json HTTP/1.1" 200 0
2025-03-07 23:38:00,623 [DEBUG]  Node 'run_DIETClassifier5' loading 'DIETClassifier.load' and kwargs: '{}'.
2025-03-07 23:38:00,624 [DEBUG]  Resource 'train_DIETClassifier5' was requested for reading.
2025-03-07 23:38:00,627 [DEBUG]  Loading the model from /var/folders/_4/nc9118455ll7scnhnvgfc73w0000gq/T/tmpsytxnuyv/train_DIETClassifier5/DIETClassifier.tf_model with finetune_mode=False...
2025-03-07 23:38:00,640 [DEBUG]  You specified 'DIET' to train entities, but no entities are present in the training data. Skipping training of entities.
2025-03-07 23:38:00,652 [DEBUG]  Following metrics will be logged during training:
2025-03-07 23:38:00,652 [DEBUG]    t_loss (total loss)
2025-03-07 23:38:00,652 [DEBUG]    i_acc (intent acc)
2025-03-07 23:38:00,652 [DEBUG]    i_loss (intent loss)
2025-03-07 23:38:00,666 [WARNI]  At this time, the v2.11+ optimizer `tf.keras.optimizers.Adam` runs slowly on M1/M2 Macs, please use the legacy Keras optimizer instead, located at `tf.keras.optimizers.legacy.Adam`.
2025-03-07 23:38:00,668 [WARNI]  There is a known slowdown when using v2.11+ Keras optimizers on M1/M2 Macs. Falling back to the legacy Keras optimizer, i.e., `tf.keras.optimizers.legacy.Adam`.
2025-03-07 23:38:03,990 [DEBUG]  Finished loading the model.
2025-03-07 23:38:03,991 [DEBUG]  Node 'run_EntitySynonymMapper6' loading 'EntitySynonymMapper.load' and kwargs: '{}'.
2025-03-07 23:38:03,991 [DEBUG]  Resource 'train_EntitySynonymMapper6' was requested for reading.
2025-03-07 23:38:03,991 [DEBUG]  Failed to load ABCMeta from model storage. Resource 'train_EntitySynonymMapper6' doesn't exist.
2025-03-07 23:38:03,991 [DEBUG]  Node 'run_ResponseSelector7' loading 'ResponseSelector.load' and kwargs: '{}'.
2025-03-07 23:38:03,991 [DEBUG]  Resource 'train_ResponseSelector7' was requested for reading.
2025-03-07 23:38:03,991 [DEBUG]  Failed to load ABCMeta from model storage. Resource 'train_ResponseSelector7' doesn't exist.
2025-03-07 23:38:03,991 [DEBUG]  Resource 'train_ResponseSelector7' was requested for reading.
2025-03-07 23:38:03,991 [DEBUG]  Failed to load ResponseSelector from model storage. Resource 'train_ResponseSelector7' doesn't exist.
2025-03-07 23:38:03,992 [DEBUG]  Node 'run_RegexMessageHandler' loading 'RegexMessageHandler.load' and kwargs: '{}'.
2025-03-07 23:38:03,992 [DEBUG]  Node 'domain_provider' loading 'DomainProvider.load' and kwargs: '{}'.
2025-03-07 23:38:03,992 [DEBUG]  Resource 'domain_provider' was requested for reading.
2025-03-07 23:38:04,002 [DEBUG]  Node 'run_MemoizationPolicy0' loading 'MemoizationPolicy.load' and kwargs: '{}'.
2025-03-07 23:38:04,002 [DEBUG]  Resource 'train_MemoizationPolicy0' was requested for reading.
2025-03-07 23:38:04,002 [DEBUG]  Node 'run_RulePolicy1' loading 'RulePolicy.load' and kwargs: '{}'.
2025-03-07 23:38:04,002 [DEBUG]  Resource 'train_RulePolicy1' was requested for reading.
2025-03-07 23:38:04,003 [DEBUG]  Node 'run_TEDPolicy2' loading 'TEDPolicy.load' and kwargs: '{}'.
2025-03-07 23:38:04,003 [DEBUG]  Resource 'train_TEDPolicy2' was requested for reading.
2025-03-07 23:38:04,005 [DEBUG]  Loading the model from /var/folders/_4/nc9118455ll7scnhnvgfc73w0000gq/T/tmpsytxnuyv/train_TEDPolicy2/ted_policy.tf_model with finetune_mode=False...
2025-03-07 23:38:04,031 [WARNI]  At this time, the v2.11+ optimizer `tf.keras.optimizers.Adam` runs slowly on M1/M2 Macs, please use the legacy Keras optimizer instead, located at `tf.keras.optimizers.legacy.Adam`.
2025-03-07 23:38:04,032 [WARNI]  There is a known slowdown when using v2.11+ Keras optimizers on M1/M2 Macs. Falling back to the legacy Keras optimizer, i.e., `tf.keras.optimizers.legacy.Adam`.
2025-03-07 23:38:08,259 [DEBUG]  Finished loading the model.
2025-03-07 23:38:08,259 [DEBUG]  Node 'rule_only_data_provider' loading 'RuleOnlyDataProvider.load' and kwargs: '{}'.
2025-03-07 23:38:08,260 [DEBUG]  Resource 'train_RulePolicy1' was requested for reading.
2025-03-07 23:38:08,261 [DEBUG]  Node 'select_prediction' loading 'DefaultPolicyPredictionEnsemble.load' and kwargs: '{}'.
2025-03-07 23:38:08,264 [INFO ]  Rasa server is up and running.
2025-03-07 23:38:08,265 [INFO ]  Enabling coroutine debugging. Loop id 13343848240.
2025-03-07 23:38:17,079 [DEBUG]  Issuing ticket for conversation 'PractikumStudent'.
2025-03-07 23:38:17,079 [DEBUG]  Acquiring lock for conversation 'PractikumStudent'.
2025-03-07 23:38:17,079 [DEBUG]  Acquired lock for conversation 'PractikumStudent'.
2025-03-07 23:38:17,080 [DEBUG]  Could not find tracker for conversation ID 'PractikumStudent'.
2025-03-07 23:38:17,080 [DEBUG]  No event broker configured. Skipping streaming events.
2025-03-07 23:38:17,081 [DEBUG]  Starting a new session for conversation ID 'PractikumStudent'.
2025-03-07 23:38:17,090 [DEBUG]  [[32m[1mdebug    [0m] [1mprocessor.actions.policy_prediction[0m [36mprediction_events[0m=[35m[][0m
2025-03-07 23:38:17,091 [DEBUG]  [[32m[1mdebug    [0m] [1mprocessor.actions.log         [0m [36maction_name[0m=[35maction_session_start[0m [36mrasa_events[0m=[35m[<rasa.shared.core.events.SessionStarted object at 0x370ea80a0>, ActionExecuted(action: action_listen, policy: None, confidence: None)][0m
2025-03-07 23:38:17,091 [DEBUG]  [[32m[1mdebug    [0m] [1mprocessor.slots.log           [0m [36mslot_values[0m=[35m	topic: None
	session_started_metadata: None[0m
2025-03-07 23:38:17,092 [DEBUG]  Running graph with inputs: {'__message__': [<rasa.core.channels.channel.UserMessage object at 0x371883a30>], '__tracker__': <rasa.shared.core.trackers.DialogueStateTracker object at 0x34fef7220>}, targets: ['run_RegexMessageHandler'] and ExecutionContext(model_id='031b14925d9c4cb7aac237d76b8a167b', should_add_diagnostic_data=False, is_finetuning=False, node_name=None).
2025-03-07 23:38:17,095 [DEBUG]  Node 'nlu_message_converter' running 'NLUMessageConverter.convert_user_message'.
2025-03-07 23:38:17,095 [DEBUG]  Node 'run_WhitespaceTokenizer0' running 'WhitespaceTokenizer.process'.
2025-03-07 23:38:17,098 [DEBUG]  Node 'run_RegexFeaturizer1' running 'RegexFeaturizer.process'.
2025-03-07 23:38:17,098 [DEBUG]  Node 'run_LexicalSyntacticFeaturizer2' running 'LexicalSyntacticFeaturizer.process'.
2025-03-07 23:38:17,098 [DEBUG]  Node 'run_CountVectorsFeaturizer3' running 'CountVectorsFeaturizer.process'.
2025-03-07 23:38:17,099 [DEBUG]  Node 'run_LanguageModelFeaturizer4' running 'LanguageModelFeaturizer.process'.
2025-03-07 23:38:17,445 [DEBUG]  Node 'run_DIETClassifier5' running 'DIETClassifier.process'.
2025-03-07 23:38:17,532 [DEBUG]  Node 'run_EntitySynonymMapper6' running 'EntitySynonymMapper.process'.
2025-03-07 23:38:17,532 [DEBUG]  Node 'run_ResponseSelector7' running 'ResponseSelector.process'.
2025-03-07 23:38:17,532 [DEBUG]  There is no trained model for 'ResponseSelector': The component is either not trained or didn't receive enough training data.
2025-03-07 23:38:17,532 [DEBUG]  Adding following selector key to message property: default
2025-03-07 23:38:17,532 [DEBUG]  Node 'domain_provider' running 'DomainProvider.provide_inference'.
2025-03-07 23:38:17,532 [DEBUG]  Node 'run_RegexMessageHandler' running 'RegexMessageHandler.process'.
2025-03-07 23:38:17,533 [DEBUG]  [[32m[1mdebug    [0m] [1mprocessor.message.parse       [0m [36mparse_data_entities[0m=[35m[][0m [36mparse_data_intent[0m=[35m{'name': 'greet', 'confidence': 0.9975729584693909}[0m [36mparse_data_text[0m=[35mпривет[0m
2025-03-07 23:38:17,533 [DEBUG]  Logged UserUtterance - tracker now has 4 events.
2025-03-07 23:38:17,535 [DEBUG]  Validating extracted slots: topic
2025-03-07 23:38:17,535 [DEBUG]  [[32m[1mdebug    [0m] [1mprocessor.extract.slots       [0m [36maction_extract_slot[0m=[35maction_extract_slots[0m [36mlen_extraction_events[0m=[35m1[0m [36mrasa_events[0m=[35m[SlotSet(key: topic, value: привет)][0m
2025-03-07 23:38:17,535 [DEBUG]  Running graph with inputs: {'__tracker__': <rasa.shared.core.trackers.DialogueStateTracker object at 0x34fef7220>}, targets: ['select_prediction'] and ExecutionContext(model_id='031b14925d9c4cb7aac237d76b8a167b', should_add_diagnostic_data=False, is_finetuning=False, node_name=None).
2025-03-07 23:38:17,535 [DEBUG]  Node 'rule_only_data_provider' running 'RuleOnlyDataProvider.provide'.
2025-03-07 23:38:17,535 [DEBUG]  Node 'domain_provider' running 'DomainProvider.provide_inference'.
2025-03-07 23:38:17,535 [DEBUG]  Node 'run_MemoizationPolicy0' running 'MemoizationPolicy.predict_action_probabilities'.
2025-03-07 23:38:17,535 [DEBUG]  [[32m[1mdebug    [0m] [1mmemoization.predict.actions   [0m [36mtracker_states[0m=[35m[{}, {'user': {'intent': 'greet'}, 'prev_action': {'action_name': 'action_listen'}}][0m
2025-03-07 23:38:17,536 [DEBUG]  There is a memorised next action 'utter_greet'
2025-03-07 23:38:17,536 [DEBUG]  Node 'run_RulePolicy1' running 'RulePolicy.predict_action_probabilities'.
2025-03-07 23:38:17,536 [DEBUG]  [[32m[1mdebug    [0m] [1mrule_policy.actions.find      [0m [36mcurrent_states[0m=[35m
[state 1] user text: привет | previous action name: action_listen[0m
2025-03-07 23:38:17,537 [DEBUG]  There is no applicable rule.
2025-03-07 23:38:17,537 [DEBUG]  [[32m[1mdebug    [0m] [1mrule_policy.actions.find      [0m [36mcurrent_states[0m=[35m
[state 1] user intent: greet | previous action name: action_listen[0m
2025-03-07 23:38:17,537 [DEBUG]  There is a rule for the next action 'utter_greet'.
2025-03-07 23:38:17,537 [DEBUG]  Node 'run_TEDPolicy2' running 'TEDPolicy.predict_action_probabilities'.
2025-03-07 23:38:17,539 [DEBUG]  TED predicted 'utter_greet' based on user intent.
2025-03-07 23:38:17,539 [DEBUG]  Node 'select_prediction' running 'DefaultPolicyPredictionEnsemble.combine_predictions_from_kwargs'.
2025-03-07 23:38:17,539 [DEBUG]  Made prediction using user intent.
2025-03-07 23:38:17,539 [DEBUG]  Added `DefinePrevUserUtteredFeaturization(False)` event.
2025-03-07 23:38:17,539 [DEBUG]  Predicted next action using RulePolicy.
2025-03-07 23:38:17,540 [DEBUG]  Predicted next action 'utter_greet' with confidence 1.00.
2025-03-07 23:38:17,540 [DEBUG]  [[32m[1mdebug    [0m] [1mprocessor.actions.policy_prediction[0m [36mprediction_events[0m=[35m[<rasa.shared.core.events.DefinePrevUserUtteredFeaturization object at 0x370e5bdf0>][0m
2025-03-07 23:38:17,540 [DEBUG]  [[32m[1mdebug    [0m] [1mprocessor.actions.log         [0m [36maction_name[0m=[35mutter_greet[0m [36mrasa_events[0m=[35m[BotUttered('Привет! Чем могу помочь в области архитектуры программного обеспечения?', {"elements": null, "quick_replies": null, "buttons": null, "attachment": null, "image": null, "custom": null}, {"utter_action": "utter_greet"}, 1741379897.5403981)][0m
2025-03-07 23:38:17,540 [DEBUG]  Running graph with inputs: {'__tracker__': <rasa.shared.core.trackers.DialogueStateTracker object at 0x34fef7220>}, targets: ['select_prediction'] and ExecutionContext(model_id='031b14925d9c4cb7aac237d76b8a167b', should_add_diagnostic_data=False, is_finetuning=False, node_name=None).
2025-03-07 23:38:17,540 [DEBUG]  Node 'rule_only_data_provider' running 'RuleOnlyDataProvider.provide'.
2025-03-07 23:38:17,540 [DEBUG]  Node 'domain_provider' running 'DomainProvider.provide_inference'.
2025-03-07 23:38:17,540 [DEBUG]  Node 'run_MemoizationPolicy0' running 'MemoizationPolicy.predict_action_probabilities'.
2025-03-07 23:38:17,541 [DEBUG]  [[32m[1mdebug    [0m] [1mmemoization.predict.actions   [0m [36mtracker_states[0m=[35m[{'user': {'intent': 'greet'}, 'prev_action': {'action_name': 'action_listen'}}, {'user': {'intent': 'greet'}, 'prev_action': {'action_name': 'utter_greet'}}][0m
2025-03-07 23:38:17,541 [DEBUG]  There is a memorised next action 'action_listen'
2025-03-07 23:38:17,541 [DEBUG]  Node 'run_RulePolicy1' running 'RulePolicy.predict_action_probabilities'.
2025-03-07 23:38:17,541 [DEBUG]  [[32m[1mdebug    [0m] [1mrule_policy.actions.find      [0m [36mcurrent_states[0m=[35m
[state 1] user intent: greet | previous action name: action_listen
[state 2] user intent: greet | previous action name: utter_greet[0m
2025-03-07 23:38:17,541 [DEBUG]  There is a rule for the next action 'action_listen'.
2025-03-07 23:38:17,541 [DEBUG]  Node 'run_TEDPolicy2' running 'TEDPolicy.predict_action_probabilities'.
2025-03-07 23:38:17,543 [DEBUG]  TED predicted 'action_listen' based on user intent.
2025-03-07 23:38:17,543 [DEBUG]  Node 'select_prediction' running 'DefaultPolicyPredictionEnsemble.combine_predictions_from_kwargs'.
2025-03-07 23:38:17,543 [DEBUG]  Predicted next action using RulePolicy.
2025-03-07 23:38:17,543 [DEBUG]  Predicted next action 'action_listen' with confidence 1.00.
2025-03-07 23:38:17,543 [DEBUG]  [[32m[1mdebug    [0m] [1mprocessor.actions.policy_prediction[0m [36mprediction_events[0m=[35m[][0m
2025-03-07 23:38:17,543 [DEBUG]  [[32m[1mdebug    [0m] [1mprocessor.actions.log         [0m [36maction_name[0m=[35maction_listen[0m [36mrasa_events[0m=[35m[][0m
2025-03-07 23:38:17,543 [DEBUG]  No event broker configured. Skipping streaming events.
2025-03-07 23:38:17,544 [DEBUG]  Deleted lock for conversation 'PractikumStudent'.
2025-03-07 23:38:29,520 [DEBUG]  Issuing ticket for conversation 'PractikumStudent'.
2025-03-07 23:38:29,522 [DEBUG]  Acquiring lock for conversation 'PractikumStudent'.
2025-03-07 23:38:29,523 [DEBUG]  Acquired lock for conversation 'PractikumStudent'.
2025-03-07 23:38:29,523 [DEBUG]  Recreating tracker for id 'PractikumStudent'
2025-03-07 23:38:29,525 [DEBUG]  Running graph with inputs: {'__message__': [<rasa.core.channels.channel.UserMessage object at 0x371883be0>], '__tracker__': <rasa.shared.core.trackers.DialogueStateTracker object at 0x34fef7220>}, targets: ['run_RegexMessageHandler'] and ExecutionContext(model_id='031b14925d9c4cb7aac237d76b8a167b', should_add_diagnostic_data=False, is_finetuning=False, node_name=None).
2025-03-07 23:38:29,526 [DEBUG]  Node 'nlu_message_converter' running 'NLUMessageConverter.convert_user_message'.
2025-03-07 23:38:29,526 [DEBUG]  Node 'run_WhitespaceTokenizer0' running 'WhitespaceTokenizer.process'.
2025-03-07 23:38:29,526 [DEBUG]  Node 'run_RegexFeaturizer1' running 'RegexFeaturizer.process'.
2025-03-07 23:38:29,527 [DEBUG]  Node 'run_LexicalSyntacticFeaturizer2' running 'LexicalSyntacticFeaturizer.process'.
2025-03-07 23:38:29,527 [DEBUG]  Node 'run_CountVectorsFeaturizer3' running 'CountVectorsFeaturizer.process'.
2025-03-07 23:38:29,529 [DEBUG]  Node 'run_LanguageModelFeaturizer4' running 'LanguageModelFeaturizer.process'.
2025-03-07 23:38:29,638 [DEBUG]  Node 'run_DIETClassifier5' running 'DIETClassifier.process'.
2025-03-07 23:38:29,640 [DEBUG]  Node 'run_EntitySynonymMapper6' running 'EntitySynonymMapper.process'.
2025-03-07 23:38:29,640 [DEBUG]  Node 'run_ResponseSelector7' running 'ResponseSelector.process'.
2025-03-07 23:38:29,640 [DEBUG]  There is no trained model for 'ResponseSelector': The component is either not trained or didn't receive enough training data.
2025-03-07 23:38:29,641 [DEBUG]  Adding following selector key to message property: default
2025-03-07 23:38:29,641 [DEBUG]  Node 'domain_provider' running 'DomainProvider.provide_inference'.
2025-03-07 23:38:29,641 [DEBUG]  Node 'run_RegexMessageHandler' running 'RegexMessageHandler.process'.
2025-03-07 23:38:29,641 [DEBUG]  [[32m[1mdebug    [0m] [1mprocessor.message.parse       [0m [36mparse_data_entities[0m=[35m[][0m [36mparse_data_intent[0m=[35m{'name': 'ask_architecture', 'confidence': 0.9996682405471802}[0m [36mparse_data_text[0m=[35mРасскажи про типы архитектуры?[0m
2025-03-07 23:38:29,641 [DEBUG]  Logged UserUtterance - tracker now has 10 events.
2025-03-07 23:38:29,641 [DEBUG]  Validating extracted slots: topic
2025-03-07 23:38:29,641 [DEBUG]  [[32m[1mdebug    [0m] [1mprocessor.extract.slots       [0m [36maction_extract_slot[0m=[35maction_extract_slots[0m [36mlen_extraction_events[0m=[35m1[0m [36mrasa_events[0m=[35m[SlotSet(key: topic, value: Расскажи про типы архитектуры?)][0m
2025-03-07 23:38:29,641 [DEBUG]  Running graph with inputs: {'__tracker__': <rasa.shared.core.trackers.DialogueStateTracker object at 0x34fef7220>}, targets: ['select_prediction'] and ExecutionContext(model_id='031b14925d9c4cb7aac237d76b8a167b', should_add_diagnostic_data=False, is_finetuning=False, node_name=None).
2025-03-07 23:38:29,641 [DEBUG]  Node 'rule_only_data_provider' running 'RuleOnlyDataProvider.provide'.
2025-03-07 23:38:29,641 [DEBUG]  Node 'domain_provider' running 'DomainProvider.provide_inference'.
2025-03-07 23:38:29,641 [DEBUG]  Node 'run_MemoizationPolicy0' running 'MemoizationPolicy.predict_action_probabilities'.
2025-03-07 23:38:29,642 [DEBUG]  [[32m[1mdebug    [0m] [1mmemoization.predict.actions   [0m [36mtracker_states[0m=[35m[{'user': {'intent': 'greet'}, 'prev_action': {'action_name': 'utter_greet'}}, {'user': {'intent': 'ask_architecture'}, 'prev_action': {'action_name': 'action_listen'}}][0m
2025-03-07 23:38:29,642 [DEBUG]  There is a memorised next action 'utter_architecture_response'
2025-03-07 23:38:29,642 [DEBUG]  Node 'run_RulePolicy1' running 'RulePolicy.predict_action_probabilities'.
2025-03-07 23:38:29,642 [DEBUG]  [[32m[1mdebug    [0m] [1mrule_policy.actions.find      [0m [36mcurrent_states[0m=[35m
[state 1] user intent: greet | previous action name: action_listen
[state 2] user intent: greet | previous action name: utter_greet
[state 3] user text: Расскажи про типы архитектуры? | previous action name: action_listen[0m
2025-03-07 23:38:29,642 [DEBUG]  There is no applicable rule.
2025-03-07 23:38:29,642 [DEBUG]  [[32m[1mdebug    [0m] [1mrule_policy.actions.find      [0m [36mcurrent_states[0m=[35m
[state 1] user intent: greet | previous action name: action_listen
[state 2] user intent: greet | previous action name: utter_greet
[state 3] user intent: ask_architecture | previous action name: action_listen[0m
2025-03-07 23:38:29,642 [DEBUG]  There is a rule for the next action 'utter_architecture_response'.
2025-03-07 23:38:29,642 [DEBUG]  Node 'run_TEDPolicy2' running 'TEDPolicy.predict_action_probabilities'.
2025-03-07 23:38:29,644 [DEBUG]  TED predicted 'utter_architecture_response' based on user intent.
2025-03-07 23:38:29,644 [DEBUG]  Node 'select_prediction' running 'DefaultPolicyPredictionEnsemble.combine_predictions_from_kwargs'.
2025-03-07 23:38:29,644 [DEBUG]  Made prediction using user intent.
2025-03-07 23:38:29,644 [DEBUG]  Added `DefinePrevUserUtteredFeaturization(False)` event.
2025-03-07 23:38:29,644 [DEBUG]  Predicted next action using RulePolicy.
2025-03-07 23:38:29,645 [DEBUG]  Predicted next action 'utter_architecture_response' with confidence 1.00.
2025-03-07 23:38:29,645 [DEBUG]  [[32m[1mdebug    [0m] [1mprocessor.actions.policy_prediction[0m [36mprediction_events[0m=[35m[<rasa.shared.core.events.DefinePrevUserUtteredFeaturization object at 0x374524df0>][0m
2025-03-07 23:38:29,645 [DEBUG]  [[32m[1mdebug    [0m] [1mprocessor.actions.log         [0m [36maction_name[0m=[35mutter_architecture_response[0m [36mrasa_events[0m=[35m[BotUttered('Архитектура ПО включает выбор структур, которые обеспечивают масштабируемость, гибкость и поддерживаемость приложения. Задайте конкретный вопрос по этой теме, и я помогу вам с информацией.', {"elements": null, "quick_replies": null, "buttons": null, "attachment": null, "image": null, "custom": null}, {"utter_action": "utter_architecture_response"}, 1741379909.645207)][0m
2025-03-07 23:38:29,645 [DEBUG]  Running graph with inputs: {'__tracker__': <rasa.shared.core.trackers.DialogueStateTracker object at 0x34fef7220>}, targets: ['select_prediction'] and ExecutionContext(model_id='031b14925d9c4cb7aac237d76b8a167b', should_add_diagnostic_data=False, is_finetuning=False, node_name=None).
2025-03-07 23:38:29,645 [DEBUG]  Node 'rule_only_data_provider' running 'RuleOnlyDataProvider.provide'.
2025-03-07 23:38:29,645 [DEBUG]  Node 'domain_provider' running 'DomainProvider.provide_inference'.
2025-03-07 23:38:29,645 [DEBUG]  Node 'run_MemoizationPolicy0' running 'MemoizationPolicy.predict_action_probabilities'.
2025-03-07 23:38:29,645 [DEBUG]  [[32m[1mdebug    [0m] [1mmemoization.predict.actions   [0m [36mtracker_states[0m=[35m[{'user': {'intent': 'ask_architecture'}, 'prev_action': {'action_name': 'action_listen'}}, {'user': {'intent': 'ask_architecture'}, 'prev_action': {'action_name': 'utter_architecture_response'}}][0m
2025-03-07 23:38:29,646 [DEBUG]  There is a memorised next action 'action_listen'
2025-03-07 23:38:29,646 [DEBUG]  Node 'run_RulePolicy1' running 'RulePolicy.predict_action_probabilities'.
2025-03-07 23:38:29,646 [DEBUG]  [[32m[1mdebug    [0m] [1mrule_policy.actions.find      [0m [36mcurrent_states[0m=[35m
[state 1] user intent: greet | previous action name: action_listen
[state 2] user intent: greet | previous action name: utter_greet
[state 3] user intent: ask_architecture | previous action name: action_listen
[state 4] user intent: ask_architecture | previous action name: utter_architecture_response[0m
2025-03-07 23:38:29,646 [DEBUG]  There is a rule for the next action 'action_listen'.
2025-03-07 23:38:29,646 [DEBUG]  Node 'run_TEDPolicy2' running 'TEDPolicy.predict_action_probabilities'.
2025-03-07 23:38:29,648 [DEBUG]  TED predicted 'action_listen' based on user intent.
2025-03-07 23:38:29,648 [DEBUG]  Node 'select_prediction' running 'DefaultPolicyPredictionEnsemble.combine_predictions_from_kwargs'.
2025-03-07 23:38:29,648 [DEBUG]  Predicted next action using RulePolicy.
2025-03-07 23:38:29,648 [DEBUG]  Predicted next action 'action_listen' with confidence 1.00.
2025-03-07 23:38:29,648 [DEBUG]  [[32m[1mdebug    [0m] [1mprocessor.actions.policy_prediction[0m [36mprediction_events[0m=[35m[][0m
2025-03-07 23:38:29,648 [DEBUG]  [[32m[1mdebug    [0m] [1mprocessor.actions.log         [0m [36maction_name[0m=[35maction_listen[0m [36mrasa_events[0m=[35m[][0m
2025-03-07 23:38:29,648 [DEBUG]  No event broker configured. Skipping streaming events.
2025-03-07 23:38:29,648 [DEBUG]  Deleted lock for conversation 'PractikumStudent'.
2025-03-07 23:38:44,820 [DEBUG]  Issuing ticket for conversation 'PractikumStudent'.
2025-03-07 23:38:44,821 [DEBUG]  Acquiring lock for conversation 'PractikumStudent'.
2025-03-07 23:38:44,821 [DEBUG]  Acquired lock for conversation 'PractikumStudent'.
2025-03-07 23:38:44,821 [DEBUG]  Recreating tracker for id 'PractikumStudent'
2025-03-07 23:38:44,825 [DEBUG]  Running graph with inputs: {'__message__': [<rasa.core.channels.channel.UserMessage object at 0x371883a30>], '__tracker__': <rasa.shared.core.trackers.DialogueStateTracker object at 0x34fef7220>}, targets: ['run_RegexMessageHandler'] and ExecutionContext(model_id='031b14925d9c4cb7aac237d76b8a167b', should_add_diagnostic_data=False, is_finetuning=False, node_name=None).
2025-03-07 23:38:44,826 [DEBUG]  Node 'nlu_message_converter' running 'NLUMessageConverter.convert_user_message'.
2025-03-07 23:38:44,826 [DEBUG]  Node 'run_WhitespaceTokenizer0' running 'WhitespaceTokenizer.process'.
2025-03-07 23:38:44,827 [DEBUG]  Node 'run_RegexFeaturizer1' running 'RegexFeaturizer.process'.
2025-03-07 23:38:44,827 [DEBUG]  Node 'run_LexicalSyntacticFeaturizer2' running 'LexicalSyntacticFeaturizer.process'.
2025-03-07 23:38:44,827 [DEBUG]  Node 'run_CountVectorsFeaturizer3' running 'CountVectorsFeaturizer.process'.
2025-03-07 23:38:44,830 [DEBUG]  Node 'run_LanguageModelFeaturizer4' running 'LanguageModelFeaturizer.process'.
2025-03-07 23:38:44,976 [DEBUG]  Node 'run_DIETClassifier5' running 'DIETClassifier.process'.
2025-03-07 23:38:44,979 [DEBUG]  Node 'run_EntitySynonymMapper6' running 'EntitySynonymMapper.process'.
2025-03-07 23:38:44,979 [DEBUG]  Node 'run_ResponseSelector7' running 'ResponseSelector.process'.
2025-03-07 23:38:44,979 [DEBUG]  There is no trained model for 'ResponseSelector': The component is either not trained or didn't receive enough training data.
2025-03-07 23:38:44,979 [DEBUG]  Adding following selector key to message property: default
2025-03-07 23:38:44,979 [DEBUG]  Node 'domain_provider' running 'DomainProvider.provide_inference'.
2025-03-07 23:38:44,979 [DEBUG]  Node 'run_RegexMessageHandler' running 'RegexMessageHandler.process'.
2025-03-07 23:38:44,979 [DEBUG]  [[32m[1mdebug    [0m] [1mprocessor.message.parse       [0m [36mparse_data_entities[0m=[35m[][0m [36mparse_data_intent[0m=[35m{'name': 'ask_architecture', 'confidence': 0.9996381998062134}[0m [36mparse_data_text[0m=[35mЧто такое микросервисная архитектура?[0m
2025-03-07 23:38:44,979 [DEBUG]  Logged UserUtterance - tracker now has 16 events.
2025-03-07 23:38:44,979 [DEBUG]  Validating extracted slots: topic
2025-03-07 23:38:44,980 [DEBUG]  [[32m[1mdebug    [0m] [1mprocessor.extract.slots       [0m [36maction_extract_slot[0m=[35maction_extract_slots[0m [36mlen_extraction_events[0m=[35m1[0m [36mrasa_events[0m=[35m[SlotSet(key: topic, value: Что такое микросервисная архитектура?)][0m
2025-03-07 23:38:44,980 [DEBUG]  Running graph with inputs: {'__tracker__': <rasa.shared.core.trackers.DialogueStateTracker object at 0x34fef7220>}, targets: ['select_prediction'] and ExecutionContext(model_id='031b14925d9c4cb7aac237d76b8a167b', should_add_diagnostic_data=False, is_finetuning=False, node_name=None).
2025-03-07 23:38:44,980 [DEBUG]  Node 'rule_only_data_provider' running 'RuleOnlyDataProvider.provide'.
2025-03-07 23:38:44,980 [DEBUG]  Node 'domain_provider' running 'DomainProvider.provide_inference'.
2025-03-07 23:38:44,980 [DEBUG]  Node 'run_MemoizationPolicy0' running 'MemoizationPolicy.predict_action_probabilities'.
2025-03-07 23:38:44,980 [DEBUG]  [[32m[1mdebug    [0m] [1mmemoization.predict.actions   [0m [36mtracker_states[0m=[35m[{'user': {'intent': 'ask_architecture'}, 'prev_action': {'action_name': 'utter_architecture_response'}}, {'user': {'intent': 'ask_architecture'}, 'prev_action': {'action_name': 'action_listen'}}][0m
2025-03-07 23:38:44,980 [DEBUG]  There is no memorised next action
2025-03-07 23:38:44,980 [DEBUG]  Node 'run_RulePolicy1' running 'RulePolicy.predict_action_probabilities'.
2025-03-07 23:38:44,981 [DEBUG]  [[32m[1mdebug    [0m] [1mrule_policy.actions.find      [0m [36mcurrent_states[0m=[35m
[state 1] user intent: greet | previous action name: action_listen
[state 2] user intent: greet | previous action name: utter_greet
[state 3] user intent: ask_architecture | previous action name: action_listen
[state 4] user intent: ask_architecture | previous action name: utter_architecture_response
[state 5] user text: Что такое микросервисная архитектура? | previous action name: action_listen[0m
2025-03-07 23:38:44,981 [DEBUG]  There is no applicable rule.
2025-03-07 23:38:44,981 [DEBUG]  [[32m[1mdebug    [0m] [1mrule_policy.actions.find      [0m [36mcurrent_states[0m=[35m
[state 1] user intent: greet | previous action name: action_listen
[state 2] user intent: greet | previous action name: utter_greet
[state 3] user intent: ask_architecture | previous action name: action_listen
[state 4] user intent: ask_architecture | previous action name: utter_architecture_response
[state 5] user intent: ask_architecture | previous action name: action_listen[0m
2025-03-07 23:38:44,981 [DEBUG]  There is a rule for the next action 'utter_architecture_response'.
2025-03-07 23:38:44,981 [DEBUG]  Node 'run_TEDPolicy2' running 'TEDPolicy.predict_action_probabilities'.
2025-03-07 23:38:44,984 [DEBUG]  TED predicted 'utter_architecture_response' based on user intent.
2025-03-07 23:38:44,984 [DEBUG]  Node 'select_prediction' running 'DefaultPolicyPredictionEnsemble.combine_predictions_from_kwargs'.
2025-03-07 23:38:44,984 [DEBUG]  Made prediction using user intent.
2025-03-07 23:38:44,984 [DEBUG]  Added `DefinePrevUserUtteredFeaturization(False)` event.
2025-03-07 23:38:44,984 [DEBUG]  Predicted next action using RulePolicy.
2025-03-07 23:38:44,984 [DEBUG]  Predicted next action 'utter_architecture_response' with confidence 1.00.
2025-03-07 23:38:44,984 [DEBUG]  [[32m[1mdebug    [0m] [1mprocessor.actions.policy_prediction[0m [36mprediction_events[0m=[35m[<rasa.shared.core.events.DefinePrevUserUtteredFeaturization object at 0x374524460>][0m
2025-03-07 23:38:44,984 [DEBUG]  [[32m[1mdebug    [0m] [1mprocessor.actions.log         [0m [36maction_name[0m=[35mutter_architecture_response[0m [36mrasa_events[0m=[35m[BotUttered('Архитектура ПО включает выбор структур, которые обеспечивают масштабируемость, гибкость и поддерживаемость приложения. Задайте конкретный вопрос по этой теме, и я помогу вам с информацией.', {"elements": null, "quick_replies": null, "buttons": null, "attachment": null, "image": null, "custom": null}, {"utter_action": "utter_architecture_response"}, 1741379924.984648)][0m
2025-03-07 23:38:44,984 [DEBUG]  Running graph with inputs: {'__tracker__': <rasa.shared.core.trackers.DialogueStateTracker object at 0x34fef7220>}, targets: ['select_prediction'] and ExecutionContext(model_id='031b14925d9c4cb7aac237d76b8a167b', should_add_diagnostic_data=False, is_finetuning=False, node_name=None).
2025-03-07 23:38:44,985 [DEBUG]  Node 'rule_only_data_provider' running 'RuleOnlyDataProvider.provide'.
2025-03-07 23:38:44,985 [DEBUG]  Node 'domain_provider' running 'DomainProvider.provide_inference'.
2025-03-07 23:38:44,985 [DEBUG]  Node 'run_MemoizationPolicy0' running 'MemoizationPolicy.predict_action_probabilities'.
2025-03-07 23:38:44,985 [DEBUG]  [[32m[1mdebug    [0m] [1mmemoization.predict.actions   [0m [36mtracker_states[0m=[35m[{'user': {'intent': 'ask_architecture'}, 'prev_action': {'action_name': 'action_listen'}}, {'user': {'intent': 'ask_architecture'}, 'prev_action': {'action_name': 'utter_architecture_response'}}][0m
2025-03-07 23:38:44,985 [DEBUG]  There is a memorised next action 'action_listen'
2025-03-07 23:38:44,985 [DEBUG]  Node 'run_RulePolicy1' running 'RulePolicy.predict_action_probabilities'.
2025-03-07 23:38:44,985 [DEBUG]  [[32m[1mdebug    [0m] [1mrule_policy.actions.find      [0m [36mcurrent_states[0m=[35m
[state 1] user intent: greet | previous action name: action_listen
[state 2] user intent: greet | previous action name: utter_greet
[state 3] user intent: ask_architecture | previous action name: action_listen
[state 4] user intent: ask_architecture | previous action name: utter_architecture_response
[state 5] user intent: ask_architecture | previous action name: action_listen
[state 6] user intent: ask_architecture | previous action name: utter_architecture_response[0m
2025-03-07 23:38:44,985 [DEBUG]  There is a rule for the next action 'action_listen'.
2025-03-07 23:38:44,985 [DEBUG]  Node 'run_TEDPolicy2' running 'TEDPolicy.predict_action_probabilities'.
2025-03-07 23:38:44,987 [DEBUG]  TED predicted 'action_listen' based on user intent.
2025-03-07 23:38:44,987 [DEBUG]  Node 'select_prediction' running 'DefaultPolicyPredictionEnsemble.combine_predictions_from_kwargs'.
2025-03-07 23:38:44,987 [DEBUG]  Predicted next action using RulePolicy.
2025-03-07 23:38:44,987 [DEBUG]  Predicted next action 'action_listen' with confidence 1.00.
2025-03-07 23:38:44,988 [DEBUG]  [[32m[1mdebug    [0m] [1mprocessor.actions.policy_prediction[0m [36mprediction_events[0m=[35m[][0m
2025-03-07 23:38:44,988 [DEBUG]  [[32m[1mdebug    [0m] [1mprocessor.actions.log         [0m [36maction_name[0m=[35maction_listen[0m [36mrasa_events[0m=[35m[][0m
2025-03-07 23:38:44,988 [DEBUG]  No event broker configured. Skipping streaming events.
2025-03-07 23:38:44,988 [DEBUG]  Deleted lock for conversation 'PractikumStudent'.
2025-03-07 23:38:58,066 [DEBUG]  Issuing ticket for conversation 'PractikumStudent'.
2025-03-07 23:38:58,068 [DEBUG]  Acquiring lock for conversation 'PractikumStudent'.
2025-03-07 23:38:58,068 [DEBUG]  Acquired lock for conversation 'PractikumStudent'.
2025-03-07 23:38:58,068 [DEBUG]  Recreating tracker for id 'PractikumStudent'
2025-03-07 23:38:58,073 [DEBUG]  Running graph with inputs: {'__message__': [<rasa.core.channels.channel.UserMessage object at 0x371883ee0>], '__tracker__': <rasa.shared.core.trackers.DialogueStateTracker object at 0x34fef74f0>}, targets: ['run_RegexMessageHandler'] and ExecutionContext(model_id='031b14925d9c4cb7aac237d76b8a167b', should_add_diagnostic_data=False, is_finetuning=False, node_name=None).
2025-03-07 23:38:58,074 [DEBUG]  Node 'nlu_message_converter' running 'NLUMessageConverter.convert_user_message'.
2025-03-07 23:38:58,074 [DEBUG]  Node 'run_WhitespaceTokenizer0' running 'WhitespaceTokenizer.process'.
2025-03-07 23:38:58,075 [DEBUG]  Node 'run_RegexFeaturizer1' running 'RegexFeaturizer.process'.
2025-03-07 23:38:58,075 [DEBUG]  Node 'run_LexicalSyntacticFeaturizer2' running 'LexicalSyntacticFeaturizer.process'.
2025-03-07 23:38:58,076 [DEBUG]  Node 'run_CountVectorsFeaturizer3' running 'CountVectorsFeaturizer.process'.
2025-03-07 23:38:58,077 [DEBUG]  Node 'run_LanguageModelFeaturizer4' running 'LanguageModelFeaturizer.process'.
2025-03-07 23:38:58,225 [DEBUG]  Node 'run_DIETClassifier5' running 'DIETClassifier.process'.
2025-03-07 23:38:58,228 [DEBUG]  Node 'run_EntitySynonymMapper6' running 'EntitySynonymMapper.process'.
2025-03-07 23:38:58,228 [DEBUG]  Node 'run_ResponseSelector7' running 'ResponseSelector.process'.
2025-03-07 23:38:58,228 [DEBUG]  There is no trained model for 'ResponseSelector': The component is either not trained or didn't receive enough training data.
2025-03-07 23:38:58,228 [DEBUG]  Adding following selector key to message property: default
2025-03-07 23:38:58,228 [DEBUG]  Node 'domain_provider' running 'DomainProvider.provide_inference'.
2025-03-07 23:38:58,228 [DEBUG]  Node 'run_RegexMessageHandler' running 'RegexMessageHandler.process'.
2025-03-07 23:38:58,228 [DEBUG]  [[32m[1mdebug    [0m] [1mprocessor.message.parse       [0m [36mparse_data_entities[0m=[35m[][0m [36mparse_data_intent[0m=[35m{'name': 'ask_architecture', 'confidence': 0.9996521472930908}[0m [36mparse_data_text[0m=[35mКак выбрать архитектуру ПО?[0m
2025-03-07 23:38:58,229 [DEBUG]  Logged UserUtterance - tracker now has 22 events.
2025-03-07 23:38:58,229 [DEBUG]  Validating extracted slots: topic
2025-03-07 23:38:58,229 [DEBUG]  [[32m[1mdebug    [0m] [1mprocessor.extract.slots       [0m [36maction_extract_slot[0m=[35maction_extract_slots[0m [36mlen_extraction_events[0m=[35m1[0m [36mrasa_events[0m=[35m[SlotSet(key: topic, value: Как выбрать архитектуру ПО?)][0m
2025-03-07 23:38:58,229 [DEBUG]  Running graph with inputs: {'__tracker__': <rasa.shared.core.trackers.DialogueStateTracker object at 0x34fef74f0>}, targets: ['select_prediction'] and ExecutionContext(model_id='031b14925d9c4cb7aac237d76b8a167b', should_add_diagnostic_data=False, is_finetuning=False, node_name=None).
2025-03-07 23:38:58,229 [DEBUG]  Node 'rule_only_data_provider' running 'RuleOnlyDataProvider.provide'.
2025-03-07 23:38:58,229 [DEBUG]  Node 'domain_provider' running 'DomainProvider.provide_inference'.
2025-03-07 23:38:58,229 [DEBUG]  Node 'run_MemoizationPolicy0' running 'MemoizationPolicy.predict_action_probabilities'.
2025-03-07 23:38:58,229 [DEBUG]  [[32m[1mdebug    [0m] [1mmemoization.predict.actions   [0m [36mtracker_states[0m=[35m[{'user': {'intent': 'ask_architecture'}, 'prev_action': {'action_name': 'utter_architecture_response'}}, {'user': {'intent': 'ask_architecture'}, 'prev_action': {'action_name': 'action_listen'}}][0m
2025-03-07 23:38:58,229 [DEBUG]  There is no memorised next action
2025-03-07 23:38:58,230 [DEBUG]  Node 'run_RulePolicy1' running 'RulePolicy.predict_action_probabilities'.
2025-03-07 23:38:58,230 [DEBUG]  [[32m[1mdebug    [0m] [1mrule_policy.actions.find      [0m [36mcurrent_states[0m=[35m
[state 1] user intent: greet | previous action name: action_listen
[state 2] user intent: greet | previous action name: utter_greet
[state 3] user intent: ask_architecture | previous action name: action_listen
[state 4] user intent: ask_architecture | previous action name: utter_architecture_response
[state 5] user intent: ask_architecture | previous action name: action_listen
[state 6] user intent: ask_architecture | previous action name: utter_architecture_response
[state 7] user text: Как выбрать архитектуру ПО? | previous action name: action_listen[0m
2025-03-07 23:38:58,230 [DEBUG]  There is no applicable rule.
2025-03-07 23:38:58,230 [DEBUG]  [[32m[1mdebug    [0m] [1mrule_policy.actions.find      [0m [36mcurrent_states[0m=[35m
[state 1] user intent: greet | previous action name: action_listen
[state 2] user intent: greet | previous action name: utter_greet
[state 3] user intent: ask_architecture | previous action name: action_listen
[state 4] user intent: ask_architecture | previous action name: utter_architecture_response
[state 5] user intent: ask_architecture | previous action name: action_listen
[state 6] user intent: ask_architecture | previous action name: utter_architecture_response
[state 7] user intent: ask_architecture | previous action name: action_listen[0m
2025-03-07 23:38:58,230 [DEBUG]  There is a rule for the next action 'utter_architecture_response'.
2025-03-07 23:38:58,230 [DEBUG]  Node 'run_TEDPolicy2' running 'TEDPolicy.predict_action_probabilities'.
2025-03-07 23:38:58,232 [DEBUG]  TED predicted 'utter_architecture_response' based on user intent.
2025-03-07 23:38:58,233 [DEBUG]  Node 'select_prediction' running 'DefaultPolicyPredictionEnsemble.combine_predictions_from_kwargs'.
2025-03-07 23:38:58,233 [DEBUG]  Made prediction using user intent.
2025-03-07 23:38:58,233 [DEBUG]  Added `DefinePrevUserUtteredFeaturization(False)` event.
2025-03-07 23:38:58,233 [DEBUG]  Predicted next action using RulePolicy.
2025-03-07 23:38:58,233 [DEBUG]  Predicted next action 'utter_architecture_response' with confidence 1.00.
2025-03-07 23:38:58,233 [DEBUG]  [[32m[1mdebug    [0m] [1mprocessor.actions.policy_prediction[0m [36mprediction_events[0m=[35m[<rasa.shared.core.events.DefinePrevUserUtteredFeaturization object at 0x3718fd8b0>][0m
2025-03-07 23:38:58,233 [DEBUG]  [[32m[1mdebug    [0m] [1mprocessor.actions.log         [0m [36maction_name[0m=[35mutter_architecture_response[0m [36mrasa_events[0m=[35m[BotUttered('Архитектура ПО включает выбор структур, которые обеспечивают масштабируемость, гибкость и поддерживаемость приложения. Задайте конкретный вопрос по этой теме, и я помогу вам с информацией.', {"elements": null, "quick_replies": null, "buttons": null, "attachment": null, "image": null, "custom": null}, {"utter_action": "utter_architecture_response"}, 1741379938.233587)][0m
2025-03-07 23:38:58,233 [DEBUG]  Running graph with inputs: {'__tracker__': <rasa.shared.core.trackers.DialogueStateTracker object at 0x34fef74f0>}, targets: ['select_prediction'] and ExecutionContext(model_id='031b14925d9c4cb7aac237d76b8a167b', should_add_diagnostic_data=False, is_finetuning=False, node_name=None).
2025-03-07 23:38:58,234 [DEBUG]  Node 'rule_only_data_provider' running 'RuleOnlyDataProvider.provide'.
2025-03-07 23:38:58,234 [DEBUG]  Node 'domain_provider' running 'DomainProvider.provide_inference'.
2025-03-07 23:38:58,234 [DEBUG]  Node 'run_MemoizationPolicy0' running 'MemoizationPolicy.predict_action_probabilities'.
2025-03-07 23:38:58,234 [DEBUG]  [[32m[1mdebug    [0m] [1mmemoization.predict.actions   [0m [36mtracker_states[0m=[35m[{'user': {'intent': 'ask_architecture'}, 'prev_action': {'action_name': 'action_listen'}}, {'user': {'intent': 'ask_architecture'}, 'prev_action': {'action_name': 'utter_architecture_response'}}][0m
2025-03-07 23:38:58,234 [DEBUG]  There is a memorised next action 'action_listen'
2025-03-07 23:38:58,234 [DEBUG]  Node 'run_RulePolicy1' running 'RulePolicy.predict_action_probabilities'.
2025-03-07 23:38:58,234 [DEBUG]  [[32m[1mdebug    [0m] [1mrule_policy.actions.find      [0m [36mcurrent_states[0m=[35m
[state 1] user intent: greet | previous action name: action_listen
[state 2] user intent: greet | previous action name: utter_greet
[state 3] user intent: ask_architecture | previous action name: action_listen
[state 4] user intent: ask_architecture | previous action name: utter_architecture_response
[state 5] user intent: ask_architecture | previous action name: action_listen
[state 6] user intent: ask_architecture | previous action name: utter_architecture_response
[state 7] user intent: ask_architecture | previous action name: action_listen
[state 8] user intent: ask_architecture | previous action name: utter_architecture_response[0m
2025-03-07 23:38:58,235 [DEBUG]  There is a rule for the next action 'action_listen'.
2025-03-07 23:38:58,235 [DEBUG]  Node 'run_TEDPolicy2' running 'TEDPolicy.predict_action_probabilities'.
2025-03-07 23:38:58,237 [DEBUG]  TED predicted 'action_listen' based on user intent.
2025-03-07 23:38:58,238 [DEBUG]  Node 'select_prediction' running 'DefaultPolicyPredictionEnsemble.combine_predictions_from_kwargs'.
2025-03-07 23:38:58,238 [DEBUG]  Predicted next action using RulePolicy.
2025-03-07 23:38:58,238 [DEBUG]  Predicted next action 'action_listen' with confidence 1.00.
2025-03-07 23:38:58,238 [DEBUG]  [[32m[1mdebug    [0m] [1mprocessor.actions.policy_prediction[0m [36mprediction_events[0m=[35m[][0m
2025-03-07 23:38:58,238 [DEBUG]  [[32m[1mdebug    [0m] [1mprocessor.actions.log         [0m [36maction_name[0m=[35maction_listen[0m [36mrasa_events[0m=[35m[][0m
2025-03-07 23:38:58,238 [DEBUG]  No event broker configured. Skipping streaming events.
2025-03-07 23:38:58,238 [DEBUG]  Deleted lock for conversation 'PractikumStudent'.
2025-03-07 23:39:04,115 [DEBUG]  Issuing ticket for conversation 'PractikumStudent'.
2025-03-07 23:39:04,115 [DEBUG]  Acquiring lock for conversation 'PractikumStudent'.
2025-03-07 23:39:04,116 [DEBUG]  Acquired lock for conversation 'PractikumStudent'.
2025-03-07 23:39:04,116 [DEBUG]  Recreating tracker for id 'PractikumStudent'
2025-03-07 23:39:04,125 [DEBUG]  Running graph with inputs: {'__message__': [<rasa.core.channels.channel.UserMessage object at 0x3526e91c0>], '__tracker__': <rasa.shared.core.trackers.DialogueStateTracker object at 0x3745245b0>}, targets: ['run_RegexMessageHandler'] and ExecutionContext(model_id='031b14925d9c4cb7aac237d76b8a167b', should_add_diagnostic_data=False, is_finetuning=False, node_name=None).
2025-03-07 23:39:04,125 [DEBUG]  Node 'nlu_message_converter' running 'NLUMessageConverter.convert_user_message'.
2025-03-07 23:39:04,126 [DEBUG]  Node 'run_WhitespaceTokenizer0' running 'WhitespaceTokenizer.process'.
2025-03-07 23:39:04,126 [DEBUG]  Node 'run_RegexFeaturizer1' running 'RegexFeaturizer.process'.
2025-03-07 23:39:04,126 [DEBUG]  Node 'run_LexicalSyntacticFeaturizer2' running 'LexicalSyntacticFeaturizer.process'.
2025-03-07 23:39:04,126 [DEBUG]  Node 'run_CountVectorsFeaturizer3' running 'CountVectorsFeaturizer.process'.
2025-03-07 23:39:04,127 [DEBUG]  Node 'run_LanguageModelFeaturizer4' running 'LanguageModelFeaturizer.process'.
2025-03-07 23:39:04,230 [DEBUG]  Node 'run_DIETClassifier5' running 'DIETClassifier.process'.
2025-03-07 23:39:04,233 [DEBUG]  Node 'run_EntitySynonymMapper6' running 'EntitySynonymMapper.process'.
2025-03-07 23:39:04,233 [DEBUG]  Node 'run_ResponseSelector7' running 'ResponseSelector.process'.
2025-03-07 23:39:04,233 [DEBUG]  There is no trained model for 'ResponseSelector': The component is either not trained or didn't receive enough training data.
2025-03-07 23:39:04,233 [DEBUG]  Adding following selector key to message property: default
2025-03-07 23:39:04,233 [DEBUG]  Node 'domain_provider' running 'DomainProvider.provide_inference'.
2025-03-07 23:39:04,233 [DEBUG]  Node 'run_RegexMessageHandler' running 'RegexMessageHandler.process'.
2025-03-07 23:39:04,233 [DEBUG]  [[32m[1mdebug    [0m] [1mprocessor.message.parse       [0m [36mparse_data_entities[0m=[35m[][0m [36mparse_data_intent[0m=[35m{'name': 'goodbye', 'confidence': 0.9986704587936401}[0m [36mparse_data_text[0m=[35mпока[0m
2025-03-07 23:39:04,234 [DEBUG]  Logged UserUtterance - tracker now has 28 events.
2025-03-07 23:39:04,236 [DEBUG]  Validating extracted slots: topic
2025-03-07 23:39:04,236 [DEBUG]  [[32m[1mdebug    [0m] [1mprocessor.extract.slots       [0m [36maction_extract_slot[0m=[35maction_extract_slots[0m [36mlen_extraction_events[0m=[35m1[0m [36mrasa_events[0m=[35m[SlotSet(key: topic, value: пока)][0m
2025-03-07 23:39:04,236 [DEBUG]  Running graph with inputs: {'__tracker__': <rasa.shared.core.trackers.DialogueStateTracker object at 0x3745245b0>}, targets: ['select_prediction'] and ExecutionContext(model_id='031b14925d9c4cb7aac237d76b8a167b', should_add_diagnostic_data=False, is_finetuning=False, node_name=None).
2025-03-07 23:39:04,236 [DEBUG]  Node 'rule_only_data_provider' running 'RuleOnlyDataProvider.provide'.
2025-03-07 23:39:04,236 [DEBUG]  Node 'domain_provider' running 'DomainProvider.provide_inference'.
2025-03-07 23:39:04,236 [DEBUG]  Node 'run_MemoizationPolicy0' running 'MemoizationPolicy.predict_action_probabilities'.
2025-03-07 23:39:04,237 [DEBUG]  [[32m[1mdebug    [0m] [1mmemoization.predict.actions   [0m [36mtracker_states[0m=[35m[{'user': {'intent': 'ask_architecture'}, 'prev_action': {'action_name': 'utter_architecture_response'}}, {'user': {'intent': 'goodbye'}, 'prev_action': {'action_name': 'action_listen'}}][0m
2025-03-07 23:39:04,237 [DEBUG]  There is no memorised next action
2025-03-07 23:39:04,237 [DEBUG]  Node 'run_RulePolicy1' running 'RulePolicy.predict_action_probabilities'.
2025-03-07 23:39:04,237 [DEBUG]  [[32m[1mdebug    [0m] [1mrule_policy.actions.find      [0m [36mcurrent_states[0m=[35m
[state 1] user intent: greet | previous action name: action_listen
[state 2] user intent: greet | previous action name: utter_greet
[state 3] user intent: ask_architecture | previous action name: action_listen
[state 4] user intent: ask_architecture | previous action name: utter_architecture_response
[state 5] user intent: ask_architecture | previous action name: action_listen
[state 6] user intent: ask_architecture | previous action name: utter_architecture_response
[state 7] user intent: ask_architecture | previous action name: action_listen
[state 8] user intent: ask_architecture | previous action name: utter_architecture_response
[state 9] user text: пока | previous action name: action_listen[0m
2025-03-07 23:39:04,237 [DEBUG]  There is no applicable rule.
2025-03-07 23:39:04,237 [DEBUG]  [[32m[1mdebug    [0m] [1mrule_policy.actions.find      [0m [36mcurrent_states[0m=[35m
[state 1] user intent: greet | previous action name: action_listen
[state 2] user intent: greet | previous action name: utter_greet
[state 3] user intent: ask_architecture | previous action name: action_listen
[state 4] user intent: ask_architecture | previous action name: utter_architecture_response
[state 5] user intent: ask_architecture | previous action name: action_listen
[state 6] user intent: ask_architecture | previous action name: utter_architecture_response
[state 7] user intent: ask_architecture | previous action name: action_listen
[state 8] user intent: ask_architecture | previous action name: utter_architecture_response
[state 9] user intent: goodbye | previous action name: action_listen[0m
2025-03-07 23:39:04,237 [DEBUG]  There is a rule for the next action 'utter_goodbye'.
2025-03-07 23:39:04,237 [DEBUG]  Node 'run_TEDPolicy2' running 'TEDPolicy.predict_action_probabilities'.
2025-03-07 23:39:04,240 [DEBUG]  TED predicted 'utter_goodbye' based on user intent.
2025-03-07 23:39:04,240 [DEBUG]  Node 'select_prediction' running 'DefaultPolicyPredictionEnsemble.combine_predictions_from_kwargs'.
2025-03-07 23:39:04,240 [DEBUG]  Made prediction using user intent.
2025-03-07 23:39:04,240 [DEBUG]  Added `DefinePrevUserUtteredFeaturization(False)` event.
2025-03-07 23:39:04,240 [DEBUG]  Predicted next action using RulePolicy.
2025-03-07 23:39:04,240 [DEBUG]  Predicted next action 'utter_goodbye' with confidence 1.00.
2025-03-07 23:39:04,241 [DEBUG]  [[32m[1mdebug    [0m] [1mprocessor.actions.policy_prediction[0m [36mprediction_events[0m=[35m[<rasa.shared.core.events.DefinePrevUserUtteredFeaturization object at 0x370e75e80>][0m
2025-03-07 23:39:04,241 [DEBUG]  [[32m[1mdebug    [0m] [1mprocessor.actions.log         [0m [36maction_name[0m=[35mutter_goodbye[0m [36mrasa_events[0m=[35m[BotUttered('До свидания! Если появятся вопросы по архитектуре ПО, обращайтесь.', {"elements": null, "quick_replies": null, "buttons": null, "attachment": null, "image": null, "custom": null}, {"utter_action": "utter_goodbye"}, 1741379944.241118)][0m
2025-03-07 23:39:04,241 [DEBUG]  Running graph with inputs: {'__tracker__': <rasa.shared.core.trackers.DialogueStateTracker object at 0x3745245b0>}, targets: ['select_prediction'] and ExecutionContext(model_id='031b14925d9c4cb7aac237d76b8a167b', should_add_diagnostic_data=False, is_finetuning=False, node_name=None).
2025-03-07 23:39:04,241 [DEBUG]  Node 'rule_only_data_provider' running 'RuleOnlyDataProvider.provide'.
2025-03-07 23:39:04,241 [DEBUG]  Node 'domain_provider' running 'DomainProvider.provide_inference'.
2025-03-07 23:39:04,241 [DEBUG]  Node 'run_MemoizationPolicy0' running 'MemoizationPolicy.predict_action_probabilities'.
2025-03-07 23:39:04,242 [DEBUG]  [[32m[1mdebug    [0m] [1mmemoization.predict.actions   [0m [36mtracker_states[0m=[35m[{'user': {'intent': 'goodbye'}, 'prev_action': {'action_name': 'action_listen'}}, {'user': {'intent': 'goodbye'}, 'prev_action': {'action_name': 'utter_goodbye'}}][0m
2025-03-07 23:39:04,242 [DEBUG]  There is a memorised next action 'action_listen'
2025-03-07 23:39:04,242 [DEBUG]  Node 'run_RulePolicy1' running 'RulePolicy.predict_action_probabilities'.
2025-03-07 23:39:04,242 [DEBUG]  [[32m[1mdebug    [0m] [1mrule_policy.actions.find      [0m [36mcurrent_states[0m=[35m
[state 1] user intent: greet | previous action name: action_listen
[state 2] user intent: greet | previous action name: utter_greet
[state 3] user intent: ask_architecture | previous action name: action_listen
[state 4] user intent: ask_architecture | previous action name: utter_architecture_response
[state 5] user intent: ask_architecture | previous action name: action_listen
[state 6] user intent: ask_architecture | previous action name: utter_architecture_response
[state 7] user intent: ask_architecture | previous action name: action_listen
[state 8] user intent: ask_architecture | previous action name: utter_architecture_response
[state 9] user intent: goodbye | previous action name: action_listen
[state 10] user intent: goodbye | previous action name: utter_goodbye[0m
2025-03-07 23:39:04,242 [DEBUG]  There is a rule for the next action 'action_listen'.
2025-03-07 23:39:04,242 [DEBUG]  Node 'run_TEDPolicy2' running 'TEDPolicy.predict_action_probabilities'.
2025-03-07 23:39:04,244 [DEBUG]  TED predicted 'action_listen' based on user intent.
2025-03-07 23:39:04,244 [DEBUG]  Node 'select_prediction' running 'DefaultPolicyPredictionEnsemble.combine_predictions_from_kwargs'.
2025-03-07 23:39:04,244 [DEBUG]  Predicted next action using RulePolicy.
2025-03-07 23:39:04,244 [DEBUG]  Predicted next action 'action_listen' with confidence 1.00.
2025-03-07 23:39:04,244 [DEBUG]  [[32m[1mdebug    [0m] [1mprocessor.actions.policy_prediction[0m [36mprediction_events[0m=[35m[][0m
2025-03-07 23:39:04,244 [DEBUG]  [[32m[1mdebug    [0m] [1mprocessor.actions.log         [0m [36maction_name[0m=[35maction_listen[0m [36mrasa_events[0m=[35m[][0m
2025-03-07 23:39:04,245 [DEBUG]  No event broker configured. Skipping streaming events.
2025-03-07 23:39:04,245 [DEBUG]  Deleted lock for conversation 'PractikumStudent'.
